2022-02-25 14:19:51 [ℹ]  eksctl version 0.77.0
2022-02-25 14:19:51 [ℹ]  using region us-west-2
2022-02-25 14:19:51 [ℹ]  setting availability zones to [us-west-2b us-west-2d us-west-2c]
2022-02-25 14:19:51 [ℹ]  subnets for us-west-2b - public:192.168.0.0/19 private:192.168.96.0/19
2022-02-25 14:19:51 [ℹ]  subnets for us-west-2d - public:192.168.32.0/19 private:192.168.128.0/19
2022-02-25 14:19:51 [ℹ]  subnets for us-west-2c - public:192.168.64.0/19 private:192.168.160.0/19
2022-02-25 14:19:51 [ℹ]  nodegroup "worker-nodes" will use "" [AmazonLinux2/1.21]
2022-02-25 14:19:51 [ℹ]  using Kubernetes version 1.21
2022-02-25 14:19:51 [ℹ]  creating EKS cluster "aws756" in "us-west-2" region with managed nodes
2022-02-25 14:19:51 [ℹ]  will create 2 separate CloudFormation stacks for cluster itself and the initial managed nodegroup
2022-02-25 14:19:51 [ℹ]  if you encounter any issues, check CloudFormation console or try 'eksctl utils describe-stacks --region=us-west-2 --cluster=aws756'
2022-02-25 14:19:51 [ℹ]  CloudWatch logging will not be enabled for cluster "aws756" in "us-west-2"
2022-02-25 14:19:51 [ℹ]  you can enable it with 'eksctl utils update-cluster-logging --enable-types={SPECIFY-YOUR-LOG-TYPES-HERE (e.g. all)} --region=us-west-2 --cluster=aws756'
2022-02-25 14:19:51 [ℹ]  Kubernetes API endpoint access will use default of {publicAccess=true, privateAccess=false} for cluster "aws756" in "us-west-2"
2022-02-25 14:19:51 [ℹ]  
2 sequential tasks: { create cluster control plane "aws756", 
    2 sequential sub-tasks: { 
        wait for control plane to become ready,
        create managed nodegroup "worker-nodes",
    } 
}
2022-02-25 14:19:51 [ℹ]  building cluster stack "eksctl-aws756-cluster"
2022-02-25 14:19:51 [ℹ]  deploying stack "eksctl-aws756-cluster"
2022-02-25 14:20:21 [ℹ]  waiting for CloudFormation stack "eksctl-aws756-cluster"
2022-02-25 14:20:51 [ℹ]  waiting for CloudFormation stack "eksctl-aws756-cluster"
2022-02-25 14:21:52 [ℹ]  waiting for CloudFormation stack "eksctl-aws756-cluster"
2022-02-25 14:22:52 [ℹ]  waiting for CloudFormation stack "eksctl-aws756-cluster"
2022-02-25 14:23:52 [ℹ]  waiting for CloudFormation stack "eksctl-aws756-cluster"
2022-02-25 14:24:52 [ℹ]  waiting for CloudFormation stack "eksctl-aws756-cluster"
2022-02-25 14:25:52 [ℹ]  waiting for CloudFormation stack "eksctl-aws756-cluster"
2022-02-25 14:26:52 [ℹ]  waiting for CloudFormation stack "eksctl-aws756-cluster"
2022-02-25 14:27:53 [ℹ]  waiting for CloudFormation stack "eksctl-aws756-cluster"
2022-02-25 14:28:53 [ℹ]  waiting for CloudFormation stack "eksctl-aws756-cluster"
2022-02-25 14:29:53 [ℹ]  waiting for CloudFormation stack "eksctl-aws756-cluster"
2022-02-25 14:30:53 [ℹ]  waiting for CloudFormation stack "eksctl-aws756-cluster"
2022-02-25 14:31:53 [ℹ]  waiting for CloudFormation stack "eksctl-aws756-cluster"
2022-02-25 14:33:55 [ℹ]  building managed nodegroup stack "eksctl-aws756-nodegroup-worker-nodes"
2022-02-25 14:33:57 [ℹ]  deploying stack "eksctl-aws756-nodegroup-worker-nodes"
2022-02-25 14:33:57 [ℹ]  waiting for CloudFormation stack "eksctl-aws756-nodegroup-worker-nodes"
2022-02-25 14:34:13 [ℹ]  waiting for CloudFormation stack "eksctl-aws756-nodegroup-worker-nodes"
2022-02-25 14:34:30 [ℹ]  waiting for CloudFormation stack "eksctl-aws756-nodegroup-worker-nodes"
2022-02-25 14:34:50 [ℹ]  waiting for CloudFormation stack "eksctl-aws756-nodegroup-worker-nodes"
2022-02-25 14:35:07 [ℹ]  waiting for CloudFormation stack "eksctl-aws756-nodegroup-worker-nodes"
2022-02-25 14:35:27 [ℹ]  waiting for CloudFormation stack "eksctl-aws756-nodegroup-worker-nodes"
2022-02-25 14:35:46 [ℹ]  waiting for CloudFormation stack "eksctl-aws756-nodegroup-worker-nodes"
2022-02-25 14:36:05 [ℹ]  waiting for CloudFormation stack "eksctl-aws756-nodegroup-worker-nodes"
2022-02-25 14:36:22 [ℹ]  waiting for CloudFormation stack "eksctl-aws756-nodegroup-worker-nodes"
2022-02-25 14:36:41 [ℹ]  waiting for CloudFormation stack "eksctl-aws756-nodegroup-worker-nodes"
2022-02-25 14:36:58 [ℹ]  waiting for CloudFormation stack "eksctl-aws756-nodegroup-worker-nodes"
2022-02-25 14:37:14 [ℹ]  waiting for CloudFormation stack "eksctl-aws756-nodegroup-worker-nodes"
2022-02-25 14:37:32 [ℹ]  waiting for CloudFormation stack "eksctl-aws756-nodegroup-worker-nodes"
2022-02-25 14:37:34 [ℹ]  waiting for the control plane availability...
2022-02-25 14:37:34 [✔]  saved kubeconfig as "/root/.kube/config"
2022-02-25 14:37:34 [ℹ]  no tasks
2022-02-25 14:37:34 [✔]  all EKS cluster resources for "aws756" have been created
2022-02-25 14:37:37 [ℹ]  nodegroup "worker-nodes" has 2 node(s)
2022-02-25 14:37:37 [ℹ]  node "ip-192-168-30-21.us-west-2.compute.internal" is ready
2022-02-25 14:37:37 [ℹ]  node "ip-192-168-52-119.us-west-2.compute.internal" is ready
2022-02-25 14:37:37 [ℹ]  waiting for at least 2 node(s) to become ready in "worker-nodes"
2022-02-25 14:37:37 [ℹ]  nodegroup "worker-nodes" has 2 node(s)
2022-02-25 14:37:37 [ℹ]  node "ip-192-168-30-21.us-west-2.compute.internal" is ready
2022-02-25 14:37:37 [ℹ]  node "ip-192-168-52-119.us-west-2.compute.internal" is ready
2022-02-25 14:37:38 [ℹ]  kubectl command should work with "/root/.kube/config", try 'kubectl get nodes'
2022-02-25 14:37:38 [✔]  EKS cluster "aws756" in "us-west-2" region is ready
Context "Administrator@aws756.us-west-2.eksctl.io" renamed to "aws756".
