The push refers to repository [ghcr.io/qiushuo222/cmpt756loader]
35625181d7ea: Preparing
ae6f18693d27: Preparing
7f52251b5652: Preparing
933ff5d8bb1f: Preparing
1d70a1a1f370: Preparing
1c1dfd72029c: Preparing
3382a8f4aa7e: Preparing
3c08bad1e0e1: Preparing
d80c74ef0232: Preparing
3ba395cfe109: Preparing
95cff0b90fb3: Preparing
1c1dfd72029c: Waiting
3382a8f4aa7e: Waiting
3ba395cfe109: Waiting
3c08bad1e0e1: Waiting
d80c74ef0232: Waiting
95cff0b90fb3: Waiting
35625181d7ea: Layer already exists
933ff5d8bb1f: Layer already exists
ae6f18693d27: Layer already exists
7f52251b5652: Layer already exists
1d70a1a1f370: Layer already exists
3382a8f4aa7e: Layer already exists
1c1dfd72029c: Layer already exists
3c08bad1e0e1: Layer already exists
d80c74ef0232: Layer already exists
3ba395cfe109: Layer already exists
95cff0b90fb3: Layer already exists
v1: digest: sha256:0d90c014ce5c421342c719ef9d58ac3caab0795860a31f4e32aafa87667f5618 size: 2612
